0 info it worked if it ends with ok
1 verbose cli [ '/home/jesse/.nvm/versions/node/v5.0.0/bin/node',
1 verbose cli   '/home/jesse/.nvm/versions/node/v5.0.0/bin/npm',
1 verbose cli   'start' ]
2 info using npm@3.5.2
3 info using node@v5.0.0
4 verbose run-script [ 'prestart', 'start', 'poststart' ]
5 info lifecycle pouch-registry@1.0.0~prestart: pouch-registry@1.0.0
6 silly lifecycle pouch-registry@1.0.0~prestart: no script for prestart, continuing
7 info lifecycle pouch-registry@1.0.0~start: pouch-registry@1.0.0
8 verbose lifecycle pouch-registry@1.0.0~start: unsafe-perm in lifecycle true
9 verbose lifecycle pouch-registry@1.0.0~start: PATH: /home/jesse/.nvm/versions/node/v5.0.0/lib/node_modules/npm/bin/node-gyp-bin:/home/jesse/Projects/npm-registry-pouchapp/node_modules/.bin:/home/jesse/.rvm/gems/ruby-2.1.2/bin:/home/jesse/.rvm/gems/ruby-2.1.2@global/bin:/home/jesse/.rvm/rubies/ruby-2.1.2/bin:/usr/local/bin:/usr/local/sbin:/home/jesse/.nvm/versions/node/v5.0.0/bin:/home/jesse/bin:/usr/sbin:/usr/bin:/sbin:/bin:/usr/games:/usr/local/games:/home/jesse/.rvm/bin:/home/jesse/.rvm/bin
10 verbose lifecycle pouch-registry@1.0.0~start: CWD: /home/jesse/Projects/npm-registry-pouchapp
11 silly lifecycle pouch-registry@1.0.0~start: Args: [ '-c', 'bin/www' ]
12 silly lifecycle pouch-registry@1.0.0~start: Returned: code: 1  signal: null
13 info lifecycle pouch-registry@1.0.0~start: Failed to exec start script
14 verbose stack Error: pouch-registry@1.0.0 start: `bin/www`
14 verbose stack Exit status 1
14 verbose stack     at EventEmitter.<anonymous> (/home/jesse/.nvm/versions/node/v5.0.0/lib/node_modules/npm/lib/utils/lifecycle.js:232:16)
14 verbose stack     at emitTwo (events.js:87:13)
14 verbose stack     at EventEmitter.emit (events.js:172:7)
14 verbose stack     at ChildProcess.<anonymous> (/home/jesse/.nvm/versions/node/v5.0.0/lib/node_modules/npm/lib/utils/spawn.js:24:14)
14 verbose stack     at emitTwo (events.js:87:13)
14 verbose stack     at ChildProcess.emit (events.js:172:7)
14 verbose stack     at maybeClose (internal/child_process.js:818:16)
14 verbose stack     at Process.ChildProcess._handle.onexit (internal/child_process.js:211:5)
15 verbose pkgid pouch-registry@1.0.0
16 verbose cwd /home/jesse/Projects/npm-registry-pouchapp/bin
17 error Linux 3.13.0-24-generic
18 error argv "/home/jesse/.nvm/versions/node/v5.0.0/bin/node" "/home/jesse/.nvm/versions/node/v5.0.0/bin/npm" "start"
19 error node v5.0.0
20 error npm  v3.5.2
21 error code ELIFECYCLE
22 error pouch-registry@1.0.0 start: `bin/www`
22 error Exit status 1
23 error Failed at the pouch-registry@1.0.0 start script 'bin/www'.
23 error Make sure you have the latest version of node.js and npm installed.
23 error If you do, this is most likely a problem with the pouch-registry package,
23 error not with npm itself.
23 error Tell the author that this fails on your system:
23 error     bin/www
23 error You can get information on how to open an issue for this project with:
23 error     npm bugs pouch-registry
23 error Or if that isn't available, you can get their info via:
23 error     npm owner ls pouch-registry
23 error There is likely additional logging output above.
24 verbose exit [ 1, true ]
